\BOOKMARK [0][-]{chapter*.2}{List of shortcuts}{}% 1
\BOOKMARK [0][-]{chapter.1}{Introduction}{}% 2
\BOOKMARK [1][-]{section.1.1}{About the thesis}{chapter.1}% 3
\BOOKMARK [1][-]{section.1.2}{Resources}{chapter.1}% 4
\BOOKMARK [1][-]{section.1.3}{Additive manufacturing and process engineering}{chapter.1}% 5
\BOOKMARK [1][-]{section.1.4}{Terminology}{chapter.1}% 6
\BOOKMARK [2][-]{subsection.1.4.1}{Automated fabrication}{section.1.4}% 7
\BOOKMARK [2][-]{subsection.1.4.2}{Freedom fabrication}{section.1.4}% 8
\BOOKMARK [2][-]{subsection.1.4.3}{Additive Manufacturing}{section.1.4}% 9
\BOOKMARK [2][-]{subsection.1.4.4}{3D printing}{section.1.4}% 10
\BOOKMARK [2][-]{subsection.1.4.5}{Rapid prototyping}{section.1.4}% 11
\BOOKMARK [0][-]{chapter.2}{About AM in general}{}% 12
\BOOKMARK [1][-]{section.2.1}{History of AM}{chapter.2}% 13
\BOOKMARK [1][-]{section.2.2}{Comparison of AM and CNC machining}{chapter.2}% 14
\BOOKMARK [1][-]{section.2.3}{What precedes part production - AM process chain}{chapter.2}% 15
\BOOKMARK [2][-]{subsection.2.3.1}{Information about produced part}{section.2.3}% 16
\BOOKMARK [2][-]{subsection.2.3.2}{Further data manipulation}{section.2.3}% 17
\BOOKMARK [2][-]{subsection.2.3.3}{Machine preparation}{section.2.3}% 18
\BOOKMARK [2][-]{subsection.2.3.4}{Post-processing}{section.2.3}% 19
\BOOKMARK [1][-]{section.2.4}{Fields of applications}{chapter.2}% 20
\BOOKMARK [2][-]{subsection.2.4.1}{Medicine}{section.2.4}% 21
\BOOKMARK [2][-]{subsection.2.4.2}{Aviation industry}{section.2.4}% 22
\BOOKMARK [2][-]{subsection.2.4.3}{Automotive industry}{section.2.4}% 23
\BOOKMARK [2][-]{subsection.2.4.4}{Architecture or design}{section.2.4}% 24
\BOOKMARK [2][-]{subsection.2.4.5}{Educational purposes}{section.2.4}% 25
\BOOKMARK [0][-]{chapter.3}{Materials for use in AM}{}% 26
\BOOKMARK [1][-]{section.3.1}{Material state}{chapter.3}% 27
\BOOKMARK [2][-]{subsection.3.1.1}{Solid powder materials}{section.3.1}% 28
\BOOKMARK [2][-]{subsection.3.1.2}{Solid wire form materials}{section.3.1}% 29
\BOOKMARK [2][-]{subsection.3.1.3}{Solid sheet form materials}{section.3.1}% 30
\BOOKMARK [2][-]{subsection.3.1.4}{Liquid materials}{section.3.1}% 31
\BOOKMARK [1][-]{section.3.2}{Chemical composition}{chapter.3}% 32
\BOOKMARK [2][-]{subsection.3.2.1}{Metals}{section.3.2}% 33
\BOOKMARK [2][-]{subsection.3.2.2}{Plastic}{section.3.2}% 34
\BOOKMARK [2][-]{subsection.3.2.3}{Ceramics}{section.3.2}% 35
\BOOKMARK [2][-]{subsection.3.2.4}{Photopolymers}{section.3.2}% 36
\BOOKMARK [2][-]{subsection.3.2.5}{Others}{section.3.2}% 37
\BOOKMARK [1][-]{section.3.3}{Material processing}{chapter.3}% 38
\BOOKMARK [2][-]{subsection.3.3.1}{Heat processing}{section.3.3}% 39
\BOOKMARK [2][-]{subsection.3.3.2}{Light processing}{section.3.3}% 40
\BOOKMARK [2][-]{subsection.3.3.3}{Other processing}{section.3.3}% 41
\BOOKMARK [1][-]{section.3.4}{Common problems of material processing}{chapter.3}% 42
\BOOKMARK [0][-]{chapter.4}{Photopolymerization}{}% 43
\BOOKMARK [1][-]{section.4.1}{Stereolitography in general}{chapter.4}% 44
\BOOKMARK [1][-]{section.4.2}{Curing process}{chapter.4}% 45
\BOOKMARK [2][-]{subsection.4.2.1}{Spot scanning}{section.4.2}% 46
\BOOKMARK [2][-]{subsection.4.2.2}{Mask projection with DMD}{section.4.2}% 47
\BOOKMARK [2][-]{subsection.4.2.3}{Two photon approach}{section.4.2}% 48
\BOOKMARK [1][-]{section.4.3}{Photopolymer materials}{chapter.4}% 49
\BOOKMARK [1][-]{section.4.4}{Curing of materials}{chapter.4}% 50
\BOOKMARK [2][-]{subsection.4.4.1}{Theory and math of curing}{section.4.4}% 51
\BOOKMARK [2][-]{subsection.4.4.2}{Scan patterns and other issues}{section.4.4}% 52
\BOOKMARK [1][-]{section.4.5}{Conclusion}{chapter.4}% 53
\BOOKMARK [0][-]{chapter.5}{Powder Bed Fusion}{}% 54
\BOOKMARK [1][-]{section.5.1}{Basic operation principles}{chapter.5}% 55
\BOOKMARK [1][-]{section.5.2}{Classification of Powder Bed Fusion processes}{chapter.5}% 56
\BOOKMARK [1][-]{section.5.3}{Materials for Powder Bed Fusion}{chapter.5}% 57
